2021-04-15 09:00:35,833 - instagram_scraper.app - WARNING - Failed to get media details for CKkKmrDn2WC
2021-04-15 09:00:36,432 - instagram_scraper.app - WARNING - Failed to get media details for CKjZKUknjSW
2021-04-15 09:00:37,464 - instagram_scraper.app - WARNING - Failed to get media details for CKhLzWMHcwd
2021-04-15 09:00:38,152 - instagram_scraper.app - WARNING - Failed to get media details for CKePvnHnbTe
2021-04-15 09:00:38,733 - instagram_scraper.app - WARNING - Failed to get media details for CKRINzEHIVG
2021-04-15 09:00:39,628 - instagram_scraper.app - WARNING - Failed to get media details for CKOlKjsHfDz
2021-04-15 09:00:41,648 - instagram_scraper.app - WARNING - Failed to get media details for CKM2Y1KHtFO
2021-04-15 09:00:42,471 - instagram_scraper.app - WARNING - Failed to get media details for CKMb4J3nEpz
2021-04-15 09:00:43,308 - instagram_scraper.app - WARNING - Failed to get media details for CKFA4aBnvh2
2021-04-15 09:00:44,168 - instagram_scraper.app - WARNING - Failed to get media details for CKB4O3FnRTp
2021-04-15 09:00:45,130 - instagram_scraper.app - WARNING - Failed to get media details for CKBmZu_HkfH
2021-04-15 09:00:45,923 - instagram_scraper.app - WARNING - Failed to get media details for CJ-96yUHKmx
2021-04-15 09:00:46,549 - instagram_scraper.app - WARNING - Failed to get media details for CJ87RVKnwWt
2021-04-15 09:00:47,472 - instagram_scraper.app - WARNING - Failed to get media details for CJq6axKndgV
2021-04-15 09:00:48,183 - instagram_scraper.app - WARNING - Failed to get media details for CJoApCUHLSC
2021-04-15 09:00:48,800 - instagram_scraper.app - WARNING - Failed to get media details for CJblZnJncaq
2021-04-15 09:00:49,691 - instagram_scraper.app - WARNING - Failed to get media details for CJWjvfrHDlg
2021-04-15 09:00:50,506 - instagram_scraper.app - WARNING - Failed to get media details for CJJ3BPmHc1r
2021-04-15 09:00:51,326 - instagram_scraper.app - WARNING - Failed to get media details for CJE9uXuHXEm
2021-04-15 09:00:52,175 - instagram_scraper.app - WARNING - Failed to get media details for CI9YQu-HrLp
2021-04-15 09:00:52,948 - instagram_scraper.app - WARNING - Failed to get media details for CI54Rj-n7dl
2021-04-15 09:00:54,039 - instagram_scraper.app - WARNING - Failed to get media details for CI3JDc_HSLg
2021-04-15 09:00:54,793 - instagram_scraper.app - WARNING - Failed to get media details for CItY0TUH5Rw
2021-04-15 09:00:55,640 - instagram_scraper.app - WARNING - Failed to get media details for CIoL6KqnCBQ
2021-04-15 09:00:58,170 - instagram_scraper.app - WARNING - Failed to get media details for CImQ6U2HE_l
2021-04-15 09:00:58,808 - instagram_scraper.app - WARNING - Failed to get media details for CIl7SxSnVjy
2021-04-15 09:00:59,685 - instagram_scraper.app - WARNING - Failed to get media details for CIlUb6MDDax
2021-04-15 09:01:00,491 - instagram_scraper.app - WARNING - Failed to get media details for CId8jF9H3ku
2021-04-15 09:01:01,117 - instagram_scraper.app - WARNING - Failed to get media details for CIO0zkQnAb2
2021-04-15 09:01:01,924 - instagram_scraper.app - WARNING - Failed to get media details for CIEjyYsnQht
2021-04-15 09:01:02,630 - instagram_scraper.app - WARNING - Failed to get media details for CIA0z_WH8Gq
2021-04-15 09:01:03,596 - instagram_scraper.app - WARNING - Failed to get media details for CH-sc-oH_4g
2021-04-15 09:01:04,392 - instagram_scraper.app - WARNING - Failed to get media details for CH0TT72nEWM
2021-04-15 09:01:05,200 - instagram_scraper.app - WARNING - Failed to get media details for CHxww9Vnxy6
2021-04-15 09:01:06,020 - instagram_scraper.app - WARNING - Failed to get media details for CHsTkRxnpEt
2021-04-15 09:01:06,807 - instagram_scraper.app - WARNING - Failed to get media details for CHq4wcPHcRh
2021-04-15 09:01:08,047 - instagram_scraper.app - WARNING - Failed to get media details for CHd_0UInx1I
2021-04-15 09:01:08,628 - instagram_scraper.app - WARNING - Failed to get media details for CHc7FfgHbh0
2021-04-15 09:01:09,304 - instagram_scraper.app - WARNING - Failed to get media details for CHbRRy5nu9l
2021-04-15 09:01:11,759 - instagram_scraper.app - WARNING - Failed to get media details for CHanjdynYLv
2021-04-15 09:01:12,577 - instagram_scraper.app - WARNING - Failed to get media details for CHaSA92nXVd
2021-04-15 09:01:13,419 - instagram_scraper.app - WARNING - Failed to get media details for CHG2tqenQS8
2021-04-15 09:01:14,308 - instagram_scraper.app - WARNING - Failed to get media details for CHC_l88n296
2021-04-15 09:01:15,048 - instagram_scraper.app - WARNING - Failed to get media details for CG2mEh7noU0
2021-04-15 09:01:15,866 - instagram_scraper.app - WARNING - Failed to get media details for CGznyNwnLKN
2021-04-15 09:01:16,989 - instagram_scraper.app - WARNING - Failed to get media details for CGy1IfQnxo5
2021-04-15 09:01:17,696 - instagram_scraper.app - WARNING - Failed to get media details for CGyo9LNHUBW
2021-04-15 09:01:18,460 - instagram_scraper.app - WARNING - Failed to get media details for CGw_zNVnEmq
2021-04-15 09:01:19,180 - instagram_scraper.app - WARNING - Failed to get media details for CGvZR5ln0W1
2021-04-15 09:01:19,971 - instagram_scraper.app - WARNING - Failed to get media details for CGu0Zj4HNUk
2021-04-15 09:01:20,746 - instagram_scraper.app - WARNING - Failed to get media details for CGqbk6in04s
2021-04-15 09:01:21,544 - instagram_scraper.app - WARNING - Failed to get media details for CGqMZ8yHEfh
2021-04-15 09:01:22,482 - instagram_scraper.app - WARNING - Failed to get media details for CGqFK6LH2OA
2021-04-15 09:01:23,223 - instagram_scraper.app - WARNING - Failed to get media details for CGpzpKCHIJi
2021-04-15 09:01:24,108 - instagram_scraper.app - WARNING - Failed to get media details for CGnTTgpnMSG
2021-04-15 09:01:24,930 - instagram_scraper.app - WARNING - Failed to get media details for CGm8G-knG_0
2021-04-15 09:01:25,740 - instagram_scraper.app - WARNING - Failed to get media details for CGkYQQRngX9
2021-04-15 09:01:26,513 - instagram_scraper.app - WARNING - Failed to get media details for CGiyHUyHAfN
2021-04-15 09:01:29,334 - instagram_scraper.app - WARNING - Failed to get media details for CGdSuUdHx0s
2021-04-15 09:01:30,197 - instagram_scraper.app - WARNING - Failed to get media details for CGVOhrenY2w
2021-04-15 09:01:30,726 - instagram_scraper.app - WARNING - Failed to get media details for CGU_CcqHX-5
2021-04-15 09:01:31,612 - instagram_scraper.app - WARNING - Failed to get media details for CGFJe1SnHAd
2021-04-15 09:01:32,227 - instagram_scraper.app - WARNING - Failed to get media details for CGBBdqMHQcw
2021-04-15 09:01:33,037 - instagram_scraper.app - WARNING - Failed to get media details for CF15qVvH5tY
2021-04-15 09:01:33,953 - instagram_scraper.app - WARNING - Failed to get media details for CFzJnwaHZJ0
2021-04-15 09:01:34,922 - instagram_scraper.app - WARNING - Failed to get media details for CFw7xVgDnJG
2021-04-15 09:01:35,626 - instagram_scraper.app - WARNING - Failed to get media details for CFvHVFeHGBs
2021-04-15 09:01:36,521 - instagram_scraper.app - WARNING - Failed to get media details for CFuUzHQH4lQ
2021-04-15 09:01:37,355 - instagram_scraper.app - WARNING - Failed to get media details for CFt_gLynp9N
2021-04-15 09:01:37,974 - instagram_scraper.app - WARNING - Failed to get media details for CFsKXPXnC8Y
2021-04-15 09:01:38,522 - instagram_scraper.app - WARNING - Failed to get media details for CFr7us6H2ts
2021-04-15 09:01:39,182 - instagram_scraper.app - WARNING - Failed to get media details for CFnNPKCHFbG
2021-04-15 09:01:39,806 - instagram_scraper.app - WARNING - Failed to get media details for CFkddZtHR7f
2021-04-15 09:01:40,619 - instagram_scraper.app - WARNING - Failed to get media details for CFhc47PHkjt
2021-04-15 09:01:42,665 - instagram_scraper.app - WARNING - Failed to get media details for CFf52YNHjUq
2021-04-15 09:01:43,540 - instagram_scraper.app - WARNING - Failed to get media details for CFessFcHOa_
2021-04-15 09:01:44,586 - instagram_scraper.app - WARNING - Failed to get media details for CFauAqGHX0S
2021-04-15 09:01:45,335 - instagram_scraper.app - WARNING - Failed to get media details for CFaNOKFjVtA
2021-04-15 09:01:46,373 - instagram_scraper.app - WARNING - Failed to get media details for CFZkjs-np1I
2021-04-15 09:01:47,170 - instagram_scraper.app - WARNING - Failed to get media details for CFSfafOnolV
2021-04-15 09:01:47,848 - instagram_scraper.app - WARNING - Failed to get media details for CFP59lRH17t
2021-04-15 09:01:48,355 - instagram_scraper.app - WARNING - Failed to get media details for CFPHcrqnWWx
2021-04-15 09:01:49,036 - instagram_scraper.app - WARNING - Failed to get media details for CFN4OU1nQj9
2021-04-15 09:01:49,734 - instagram_scraper.app - WARNING - Failed to get media details for CFNsJRmnEjG
2021-04-15 09:01:50,448 - instagram_scraper.app - WARNING - Failed to get media details for CFNA4dWnCBk
2021-04-15 09:01:51,140 - instagram_scraper.app - WARNING - Failed to get media details for CFLVfZWHuyy
2021-04-15 09:01:51,907 - instagram_scraper.app - WARNING - Failed to get media details for CFKjF2BnN4c
2021-04-15 09:01:52,524 - instagram_scraper.app - WARNING - Failed to get media details for CFIl6iNnY9Y
2021-04-15 09:01:53,361 - instagram_scraper.app - WARNING - Failed to get media details for CFIfHyAnuyD
2021-04-15 09:01:54,195 - instagram_scraper.app - WARNING - Failed to get media details for CFGV3ZwnCtv
2021-04-15 09:01:54,927 - instagram_scraper.app - WARNING - Failed to get media details for CE94JVVHdat
2021-04-15 09:01:55,690 - instagram_scraper.app - WARNING - Failed to get media details for CE5WjOtHnU5
2021-04-15 09:01:58,138 - instagram_scraper.app - WARNING - Failed to get media details for CE0D9_jnVG-
2021-04-15 09:01:58,663 - instagram_scraper.app - WARNING - Failed to get media details for CEwbrmvn2L9
2021-04-15 09:01:59,245 - instagram_scraper.app - WARNING - Failed to get media details for CEuZn6pn06O
2021-04-15 09:02:00,076 - instagram_scraper.app - WARNING - Failed to get media details for CEsZt2gnN1T
2021-04-15 09:02:00,887 - instagram_scraper.app - WARNING - Failed to get media details for CEmVQXGn6gT
2021-04-15 09:02:01,715 - instagram_scraper.app - WARNING - Failed to get media details for CEmH5AlHnWh
2021-04-15 09:02:02,537 - instagram_scraper.app - WARNING - Failed to get media details for CElB7CbnG75
2021-04-15 09:02:03,240 - instagram_scraper.app - WARNING - Failed to get media details for CEcIe0ZnQ62
2021-04-15 09:02:04,431 - instagram_scraper.app - WARNING - Failed to get media details for CEb7YQYHGvM
2021-04-15 09:02:05,198 - instagram_scraper.app - WARNING - Failed to get media details for CEWuhcyHd9-
2021-04-15 09:02:06,057 - instagram_scraper.app - WARNING - Failed to get media details for CEUx2EiH1R2
2021-04-15 09:02:06,825 - instagram_scraper.app - WARNING - Failed to get media details for CEUXwBLHF9P
2021-04-15 09:02:07,669 - instagram_scraper.app - WARNING - Failed to get media details for CERj-Z5nmSY
2021-04-15 09:02:08,674 - instagram_scraper.app - WARNING - Failed to get media details for CEJwUguHLZu
2021-04-15 09:02:09,542 - instagram_scraper.app - WARNING - Failed to get media details for CEIC5XVnN4M
2021-04-15 09:02:11,944 - instagram_scraper.app - WARNING - Failed to get media details for CECeoo9H0uA
2021-04-15 09:02:12,567 - instagram_scraper.app - WARNING - Failed to get media details for CEAjX6AnIKg
2021-04-15 09:02:13,431 - instagram_scraper.app - WARNING - Failed to get media details for CD9TD_YH0rz
2021-04-15 09:02:14,195 - instagram_scraper.app - WARNING - Failed to get media details for CD4abr8HdfF
2021-04-15 09:02:15,004 - instagram_scraper.app - WARNING - Failed to get media details for CD4UNBVHqjy
2021-04-15 09:02:15,686 - instagram_scraper.app - WARNING - Failed to get media details for CD4Le48nQ-n
2021-04-15 09:02:16,452 - instagram_scraper.app - WARNING - Failed to get media details for CD1h8stHbRj
2021-04-15 09:02:17,293 - instagram_scraper.app - WARNING - Failed to get media details for CD1B8M1ntwm
2021-04-15 09:02:18,082 - instagram_scraper.app - WARNING - Failed to get media details for CDxGiqNnbzM
2021-04-15 09:02:18,699 - instagram_scraper.app - WARNING - Failed to get media details for CDo_BrSnJHB
2021-04-15 09:02:19,400 - instagram_scraper.app - WARNING - Failed to get media details for CDjyr6Nn9ZM
2021-04-15 09:02:20,146 - instagram_scraper.app - WARNING - Failed to get media details for CDjbNa0DwlU
2021-04-15 09:02:20,988 - instagram_scraper.app - WARNING - Failed to get media details for CDiEJX8HOzj
2021-04-15 09:02:21,781 - instagram_scraper.app - WARNING - Failed to get media details for CDh3yASHjsV
2021-04-15 09:02:22,581 - instagram_scraper.app - WARNING - Failed to get media details for CDfINWrHNRB
2021-04-15 09:02:24,845 - instagram_scraper.app - WARNING - Failed to get media details for CDKhNsoHIcS
2021-04-15 09:02:25,678 - instagram_scraper.app - WARNING - Failed to get media details for CDJsz1aHCmK
2021-04-15 09:02:26,523 - instagram_scraper.app - WARNING - Failed to get media details for CDB3fScn7X8
2021-04-15 09:02:27,216 - instagram_scraper.app - WARNING - Failed to get media details for CDAHNjLnHRV
2021-04-15 09:02:28,100 - instagram_scraper.app - WARNING - Failed to get media details for CC_nsh-nr48
2021-04-15 09:02:28,816 - instagram_scraper.app - WARNING - Failed to get media details for CC9ovBenVLO
2021-04-15 09:02:29,572 - instagram_scraper.app - WARNING - Failed to get media details for CC9fuggnduM
2021-04-15 09:02:30,199 - instagram_scraper.app - WARNING - Failed to get media details for CC7JC2Hn4Wn
2021-04-15 09:02:31,032 - instagram_scraper.app - WARNING - Failed to get media details for CCvsdOcnwPY
2021-04-15 09:02:31,691 - instagram_scraper.app - WARNING - Failed to get media details for CCvlhs7nrWh
2021-04-15 09:02:32,273 - instagram_scraper.app - WARNING - Failed to get media details for CCrFmRXnux6
2021-04-15 09:02:33,048 - instagram_scraper.app - WARNING - Failed to get media details for CCqlxNEhy0c
2021-04-15 09:02:33,887 - instagram_scraper.app - WARNING - Failed to get media details for CCokqGbBf_C
2021-04-15 09:02:34,682 - instagram_scraper.app - WARNING - Failed to get media details for CCoH61sHjyW
2021-04-15 09:02:35,487 - instagram_scraper.app - WARNING - Failed to get media details for CClgjZKn-rY
2021-04-15 09:02:36,172 - instagram_scraper.app - WARNING - Failed to get media details for CCjRo8VnPFz
2021-04-15 09:02:36,813 - instagram_scraper.app - WARNING - Failed to get media details for CCgsNNonqmy
2021-04-15 09:02:37,357 - instagram_scraper.app - WARNING - Failed to get media details for CCgI6ojnpRB
2021-04-15 09:02:37,938 - instagram_scraper.app - WARNING - Failed to get media details for CCd4PYGnbOJ
2021-04-15 09:02:38,420 - instagram_scraper.app - WARNING - Failed to get media details for CCcLfmjHAkX
2021-04-15 09:02:39,185 - instagram_scraper.app - WARNING - Failed to get media details for CCbZ8VEhC5F
2021-04-15 09:02:40,018 - instagram_scraper.app - WARNING - Failed to get media details for CCZrnOMnUYF
2021-04-15 09:02:42,033 - instagram_scraper.app - WARNING - Failed to get media details for CCY1mbuBBVm
2021-04-15 09:02:42,707 - instagram_scraper.app - WARNING - Failed to get media details for CCYfOvPHur7
2021-04-15 09:02:43,500 - instagram_scraper.app - WARNING - Failed to get media details for CCYXZJRHGl5
2021-04-15 09:02:44,319 - instagram_scraper.app - WARNING - Failed to get media details for CCYTthun-n_
2021-04-15 09:02:45,118 - instagram_scraper.app - WARNING - Failed to get media details for CCUEtxOnNSP
2021-04-15 09:02:45,922 - instagram_scraper.app - WARNING - Failed to get media details for CCTr-UkhziR
2021-04-15 09:02:46,774 - instagram_scraper.app - WARNING - Failed to get media details for CCMv9SznL8c
2021-04-15 09:02:47,570 - instagram_scraper.app - WARNING - Failed to get media details for CCJyiOHHRdA
2021-04-15 09:02:48,098 - instagram_scraper.app - WARNING - Failed to get media details for CCJJS23Ho8z
2021-04-15 09:02:48,744 - instagram_scraper.app - WARNING - Failed to get media details for CCErlbpH6X3
2021-04-15 09:02:49,424 - instagram_scraper.app - WARNING - Failed to get media details for CCGfx9MHmGY
2021-04-15 09:02:50,252 - instagram_scraper.app - WARNING - Failed to get media details for CCCrjH9HviC
2021-04-15 09:02:50,959 - instagram_scraper.app - WARNING - Failed to get media details for CB-_iBMnGRr
2021-04-15 09:02:51,684 - instagram_scraper.app - WARNING - Failed to get media details for CB6wHUOHW2d
2021-04-15 09:02:52,361 - instagram_scraper.app - WARNING - Failed to get media details for CB5wJRBnCmo
2021-04-15 09:02:53,102 - instagram_scraper.app - WARNING - Failed to get media details for CB4UIsUnTeW
2021-04-15 09:02:53,920 - instagram_scraper.app - WARNING - Failed to get media details for CB3XqrCnKKP
2021-04-15 09:02:54,757 - instagram_scraper.app - WARNING - Failed to get media details for CB3LbYYHyjx
2021-04-15 09:02:55,592 - instagram_scraper.app - WARNING - Failed to get media details for CB1NuQeH9vj
2021-04-15 09:02:56,389 - instagram_scraper.app - WARNING - Failed to get media details for CB02h06Hvxz
2021-04-15 09:02:57,427 - instagram_scraper.app - WARNING - Failed to get media details for CBv52VWnO0l
2021-04-15 09:02:58,058 - instagram_scraper.app - WARNING - Failed to get media details for CBvodM1HZ4s
2021-04-15 09:02:58,609 - instagram_scraper.app - WARNING - Failed to get media details for CBvez-WnXqi
2021-04-15 09:02:59,458 - instagram_scraper.app - WARNING - Failed to get media details for CBs_cUDHPPx
2021-04-15 09:03:01,524 - instagram_scraper.app - WARNING - Failed to get media details for CBqr5XnnJ12
2021-04-15 09:03:02,326 - instagram_scraper.app - WARNING - Failed to get media details for CBo1x9mnFpp
2021-04-15 09:03:03,150 - instagram_scraper.app - WARNING - Failed to get media details for CBl5ux4HndW
2021-04-15 09:03:04,035 - instagram_scraper.app - WARNING - Failed to get media details for CBlD8hmHLkF
2021-04-15 09:03:04,671 - instagram_scraper.app - WARNING - Failed to get media details for CBdrzefFMaG
2021-04-15 09:03:05,399 - instagram_scraper.app - WARNING - Failed to get media details for CBdjR3HHtYu
2021-04-15 09:03:06,026 - instagram_scraper.app - WARNING - Failed to get media details for CBbTPLEnTWP
2021-04-15 09:03:06,846 - instagram_scraper.app - WARNING - Failed to get media details for CBZBBHiFtUb
2021-04-15 09:03:07,639 - instagram_scraper.app - WARNING - Failed to get media details for CBWMUjJH6Lx
2021-04-15 09:03:08,365 - instagram_scraper.app - WARNING - Failed to get media details for CBTjSiGnsTH
2021-04-15 09:03:09,075 - instagram_scraper.app - WARNING - Failed to get media details for CBQYOhCHbG3
2021-04-15 09:03:09,565 - instagram_scraper.app - WARNING - Failed to get media details for CBMGheCl73Q
2021-04-15 09:03:10,303 - instagram_scraper.app - WARNING - Failed to get media details for CBJ_2MoHHye
2021-04-15 09:03:11,120 - instagram_scraper.app - WARNING - Failed to get media details for CBJMuS6HkzG
2021-04-15 09:03:11,937 - instagram_scraper.app - WARNING - Failed to get media details for CBEqYkunFT2
2021-04-15 09:03:12,520 - instagram_scraper.app - WARNING - Failed to get media details for CBA5EeMnDDy
2021-04-15 09:03:13,390 - instagram_scraper.app - WARNING - Failed to get media details for CBAxvdWnKyl
2021-04-15 09:03:14,213 - instagram_scraper.app - WARNING - Failed to get media details for CA-wbqQHSAs
2021-04-15 09:03:15,044 - instagram_scraper.app - WARNING - Failed to get media details for CA-jGGSHbLW
2021-04-15 09:03:17,284 - instagram_scraper.app - WARNING - Failed to get media details for CA9JCuhn5uS
2021-04-15 09:03:18,091 - instagram_scraper.app - WARNING - Failed to get media details for CA8OryHHNR1
2021-04-15 09:03:18,688 - instagram_scraper.app - WARNING - Failed to get media details for CA8HiSznHn5
2021-04-15 09:03:19,576 - instagram_scraper.app - WARNING - Failed to get media details for CA6TPMfnNZh
2021-04-15 09:03:20,251 - instagram_scraper.app - WARNING - Failed to get media details for CA6Ks5RHXE1
2021-04-15 09:03:20,825 - instagram_scraper.app - WARNING - Failed to get media details for CA57qtcHhnp
2021-04-15 09:03:21,583 - instagram_scraper.app - WARNING - Failed to get media details for CA5gaNvHqsu
2021-04-15 09:03:22,378 - instagram_scraper.app - WARNING - Failed to get media details for CA5Tr_JlMx6
2021-04-15 09:03:23,219 - instagram_scraper.app - WARNING - Failed to get media details for CA3KiX_HT-Q
2021-04-15 09:03:24,168 - instagram_scraper.app - WARNING - Failed to get media details for CAxtkzKnbYr
2021-04-15 09:03:24,877 - instagram_scraper.app - WARNING - Failed to get media details for CAvfzcCH3QC
2021-04-15 09:03:25,609 - instagram_scraper.app - WARNING - Failed to get media details for CAsi39cnSBa
2021-04-15 09:03:26,298 - instagram_scraper.app - WARNING - Failed to get media details for CAsaI0olMg2
2021-04-15 09:03:26,919 - instagram_scraper.app - WARNING - Failed to get media details for CAqnaTYn-Ks
2021-04-15 09:03:27,606 - instagram_scraper.app - WARNING - Failed to get media details for CAlPo-HHToD
2021-04-15 09:03:28,132 - instagram_scraper.app - WARNING - Failed to get media details for CAiVpK8HcmY
2021-04-15 09:03:28,726 - instagram_scraper.app - WARNING - Failed to get media details for CAbDEQ_nhha
2021-04-15 09:03:29,603 - instagram_scraper.app - WARNING - Failed to get media details for CAYMq7-nWKm
2021-04-15 09:03:30,394 - instagram_scraper.app - WARNING - Failed to get media details for CAVWHiwHn4z
2021-04-15 09:03:30,991 - instagram_scraper.app - WARNING - Failed to get media details for CAIHAmjHyUU
2021-04-15 09:03:31,640 - instagram_scraper.app - WARNING - Failed to get media details for CAG3CGxn4T8
2021-04-15 09:03:32,298 - instagram_scraper.app - WARNING - Failed to get media details for CAEBDsnHHoG
2021-04-15 09:03:33,062 - instagram_scraper.app - WARNING - Failed to get media details for CADka9iHms0
2021-04-15 09:03:35,012 - instagram_scraper.app - WARNING - Failed to get media details for B_5x8J_ndCs
2021-04-15 09:03:35,714 - instagram_scraper.app - WARNING - Failed to get media details for B_3MeLXnnhN
2021-04-15 09:03:36,517 - instagram_scraper.app - WARNING - Failed to get media details for B_3DmPxnch7
2021-04-15 09:03:37,346 - instagram_scraper.app - WARNING - Failed to get media details for B_29Gmhnx-I
2021-04-15 09:03:37,963 - instagram_scraper.app - WARNING - Failed to get media details for B_0Zw3wHbYf
2021-04-15 09:03:38,575 - instagram_scraper.app - WARNING - Failed to get media details for B_z4NVNHFkG
2021-04-15 09:03:39,193 - instagram_scraper.app - WARNING - Failed to get media details for B_kRR2FHZX-
2021-04-15 09:03:40,017 - instagram_scraper.app - WARNING - Failed to get media details for B_irOPtnpGX
2021-04-15 09:03:40,668 - instagram_scraper.app - WARNING - Failed to get media details for B_dLNNdnSIU
2021-04-15 09:03:41,466 - instagram_scraper.app - WARNING - Failed to get media details for B_c8dgPHa12
2021-04-15 09:03:42,283 - instagram_scraper.app - WARNING - Failed to get media details for B_X1QAiHvn9
2021-04-15 09:03:42,918 - instagram_scraper.app - WARNING - Failed to get media details for B_V0W1Fnpi8
2021-04-15 09:03:43,727 - instagram_scraper.app - WARNING - Failed to get media details for B_VnlgzHZGS
2021-04-15 09:03:44,723 - instagram_scraper.app - WARNING - Failed to get media details for B_Sy31KnWyI
2021-04-15 09:03:45,570 - instagram_scraper.app - WARNING - Failed to get media details for B_BWxPfnAz8
2021-04-15 09:03:46,370 - instagram_scraper.app - WARNING - Failed to get media details for B--HPVdH0h4
2021-04-15 09:03:46,960 - instagram_scraper.app - WARNING - Failed to get media details for B-w_ofZHYQ2
2021-04-15 09:03:56,804 - instagram_scraper.app - WARNING - Failed to get media details for B-uvJ-ZjwtR
2021-04-15 09:03:57,508 - instagram_scraper.app - WARNING - Failed to get media details for B-tBC3JH4xH
2021-04-15 09:03:58,023 - instagram_scraper.app - WARNING - Failed to get media details for B-sWLQ9HEhw
2021-04-15 09:03:58,649 - instagram_scraper.app - WARNING - Failed to get media details for B-p65bjnnyH
2021-04-15 09:04:00,724 - instagram_scraper.app - WARNING - Failed to get media details for B-ni9I4nPSH
2021-04-15 09:04:01,548 - instagram_scraper.app - WARNING - Failed to get media details for B-lElNXH5SX
2021-04-15 09:04:02,311 - instagram_scraper.app - WARNING - Failed to get media details for B-k1u2Tn__b
2021-04-15 09:04:03,129 - instagram_scraper.app - WARNING - Failed to get media details for B-jrUulHNnr
2021-04-15 09:04:03,966 - instagram_scraper.app - WARNING - Failed to get media details for B-fIb59nG68
2021-04-15 09:04:04,590 - instagram_scraper.app - WARNING - Failed to get media details for B-dDal4HXK_
2021-04-15 09:04:05,981 - instagram_scraper.app - WARNING - Failed to get media details for B-cU-QiHSL9
2021-04-15 09:04:06,746 - instagram_scraper.app - WARNING - Failed to get media details for B-cKMhKnGio
2021-04-15 09:04:07,274 - instagram_scraper.app - WARNING - Failed to get media details for B-auWfjHjFr
2021-04-15 09:04:08,052 - instagram_scraper.app - WARNING - Failed to get media details for B-aDihNH_OD
2021-04-15 09:04:08,665 - instagram_scraper.app - WARNING - Failed to get media details for B-Zze7THnLD
2021-04-15 09:04:09,543 - instagram_scraper.app - WARNING - Failed to get media details for B-X3BdlHmNc
2021-04-15 09:04:10,323 - instagram_scraper.app - WARNING - Failed to get media details for B-XbitiHlg3
2021-04-15 09:04:11,127 - instagram_scraper.app - WARNING - Failed to get media details for B-XSjATHk7J
2021-04-15 09:04:11,955 - instagram_scraper.app - WARNING - Failed to get media details for B-Ndg8znAxk
2021-04-15 09:04:12,670 - instagram_scraper.app - WARNING - Failed to get media details for B-IHoz7n7tg
2021-04-15 09:04:13,406 - instagram_scraper.app - WARNING - Failed to get media details for B-HdDbpH0dO
2021-04-15 09:04:13,914 - instagram_scraper.app - WARNING - Failed to get media details for B-HcazPHUaB
2021-04-15 09:04:14,611 - instagram_scraper.app - WARNING - Failed to get media details for B-F8v4CH3Jc
2021-04-15 09:04:15,281 - instagram_scraper.app - WARNING - Failed to get media details for B-FwtFuHvBY
2021-04-15 09:04:16,139 - instagram_scraper.app - WARNING - Failed to get media details for B-DW9GqHODC
2021-04-15 09:04:16,894 - instagram_scraper.app - WARNING - Failed to get media details for B-CjBaQnP8j
2021-04-15 09:04:17,704 - instagram_scraper.app - WARNING - Failed to get media details for B-AVHJ4HeYn
2021-04-15 09:04:18,870 - instagram_scraper.app - WARNING - Failed to get media details for B9-I3LRnJ4j
2021-04-15 09:04:19,685 - instagram_scraper.app - WARNING - Failed to get media details for B99-L9QHrvZ
2021-04-15 09:04:21,120 - instagram_scraper.app - WARNING - Failed to get media details for B97dT1TnEYX
2021-04-15 09:04:22,024 - instagram_scraper.app - WARNING - Failed to get media details for B92rVKNHZgp
2021-04-15 09:04:22,828 - instagram_scraper.app - WARNING - Failed to get media details for B92jzpOnVJf
2021-04-15 09:04:25,086 - instagram_scraper.app - WARNING - Failed to get media details for B92bq3wHNJI
2021-04-15 09:04:25,710 - instagram_scraper.app - WARNING - Failed to get media details for B92C_J5nMjI
2021-04-15 09:04:26,366 - instagram_scraper.app - WARNING - Failed to get media details for B91eTJ_nRJX
2021-04-15 09:04:27,115 - instagram_scraper.app - WARNING - Failed to get media details for B9z1U4iHCX6
2021-04-15 09:04:27,956 - instagram_scraper.app - WARNING - Failed to get media details for B9zpLgVnrqb
2021-04-15 09:04:28,540 - instagram_scraper.app - WARNING - Failed to get media details for B9zedvQHSya
2021-04-15 09:04:29,190 - instagram_scraper.app - WARNING - Failed to get media details for B9rOYnTHBD8
2021-04-15 09:04:30,015 - instagram_scraper.app - WARNING - Failed to get media details for B9rDw8CnLyU
2021-04-15 09:04:30,828 - instagram_scraper.app - WARNING - Failed to get media details for B9pyANdnKM7
2021-04-15 09:04:31,635 - instagram_scraper.app - WARNING - Failed to get media details for B9pD7o3HFdM
2021-04-15 09:04:32,363 - instagram_scraper.app - WARNING - Failed to get media details for B9jjDqfHKKc
2021-04-15 09:04:33,076 - instagram_scraper.app - WARNING - Failed to get media details for B9Z3YAWHCaL
2021-04-15 09:04:33,947 - instagram_scraper.app - WARNING - Failed to get media details for B9SnOxfHv-S
2021-04-15 09:04:34,712 - instagram_scraper.app - WARNING - Failed to get media details for B9RU9f_n7lw
2021-04-15 09:04:35,382 - instagram_scraper.app - WARNING - Failed to get media details for B9NeVN-nlZt
2021-04-15 09:04:35,908 - instagram_scraper.app - WARNING - Failed to get media details for B9G-0O2nIh8
2021-04-15 09:04:36,747 - instagram_scraper.app - WARNING - Failed to get media details for B9CcSbHHE_T
2021-04-15 09:04:37,418 - instagram_scraper.app - WARNING - Failed to get media details for B8v8PLBnA5d
2021-04-15 09:04:37,992 - instagram_scraper.app - WARNING - Failed to get media details for B8tqcEgn2jz
2021-04-15 09:04:38,621 - instagram_scraper.app - WARNING - Failed to get media details for B8hj8SzHXjz
2021-04-15 09:04:39,248 - instagram_scraper.app - WARNING - Failed to get media details for B8B9P8vHfbF
2021-04-15 09:04:40,071 - instagram_scraper.app - WARNING - Failed to get media details for B79XwsXn1rl
2021-04-15 09:04:40,756 - instagram_scraper.app - WARNING - Failed to get media details for B79GWYen9yF
2021-04-15 09:04:41,475 - instagram_scraper.app - WARNING - Failed to get media details for B764ap2H5IK
2021-04-15 09:04:42,283 - instagram_scraper.app - WARNING - Failed to get media details for B7rb5xAHlvj
2021-04-15 09:04:44,323 - instagram_scraper.app - WARNING - Failed to get media details for B7doIaQnMfF
2021-04-15 09:04:45,156 - instagram_scraper.app - WARNING - Failed to get media details for B7WgaZOH_kT
2021-04-15 09:04:45,978 - instagram_scraper.app - WARNING - Failed to get media details for B7To-LlHDc9
2021-04-15 09:04:46,672 - instagram_scraper.app - WARNING - Failed to get media details for B7MrkqlH-Jj
2021-04-15 09:04:47,448 - instagram_scraper.app - WARNING - Failed to get media details for B7CfCmHnhKN
2021-04-15 09:04:47,924 - instagram_scraper.app - WARNING - Failed to get media details for B7BO-IcHoQH
2021-04-15 09:04:48,687 - instagram_scraper.app - WARNING - Failed to get media details for B6-54CSnZ54
2021-04-15 09:04:49,484 - instagram_scraper.app - WARNING - Failed to get media details for B61ycRbHnHs
2021-04-15 09:04:50,277 - instagram_scraper.app - WARNING - Failed to get media details for B604hcSnNz6
2021-04-15 09:04:50,925 - instagram_scraper.app - WARNING - Failed to get media details for B6yfIC4HxMK
2021-04-15 09:04:51,705 - instagram_scraper.app - WARNING - Failed to get media details for B6oitJonW_y
2021-04-15 09:04:52,383 - instagram_scraper.app - WARNING - Failed to get media details for B6oUaUrHcXc
2021-04-15 09:04:52,986 - instagram_scraper.app - WARNING - Failed to get media details for B6avnU4H54d
2021-04-15 09:04:53,793 - instagram_scraper.app - WARNING - Failed to get media details for B6VuWpIHpGp
2021-04-15 09:04:54,550 - instagram_scraper.app - WARNING - Failed to get media details for B6RhAZFn1gq
2021-04-15 09:04:55,374 - instagram_scraper.app - WARNING - Failed to get media details for B6RVQ5OHZO_
2021-04-15 09:04:56,171 - instagram_scraper.app - WARNING - Failed to get media details for B6RKNIznHXB
2021-04-15 09:04:57,034 - instagram_scraper.app - WARNING - Failed to get media details for B6Qh1e9nmV9
2021-04-15 09:04:57,689 - instagram_scraper.app - WARNING - Failed to get media details for B6OE1yfndpc
2021-04-15 09:04:58,323 - instagram_scraper.app - WARNING - Failed to get media details for B6N9w-xnaBJ
2021-04-15 09:04:59,089 - instagram_scraper.app - WARNING - Failed to get media details for B6JasutHwFX
2021-04-15 09:04:59,731 - instagram_scraper.app - WARNING - Failed to get media details for B6JL6EnnU_Q
2021-04-15 09:05:00,502 - instagram_scraper.app - WARNING - Failed to get media details for B53lJAznLog
2021-04-15 09:05:01,327 - instagram_scraper.app - WARNING - Failed to get media details for B52nVx0HHCU
2021-04-15 09:05:02,149 - instagram_scraper.app - WARNING - Failed to get media details for B5tWCn3H7hD
2021-04-15 09:05:02,966 - instagram_scraper.app - WARNING - Failed to get media details for B5oXfm5HgQv
2021-04-15 09:05:05,044 - instagram_scraper.app - WARNING - Failed to get media details for B5n3jJzn8p2
2021-04-15 09:05:05,684 - instagram_scraper.app - WARNING - Failed to get media details for B5lFoUknDil
2021-04-15 09:05:06,455 - instagram_scraper.app - WARNING - Failed to get media details for B5csr3Jna2z
2021-04-15 09:05:07,038 - instagram_scraper.app - WARNING - Failed to get media details for B5a5BN0nmvd
2021-04-15 09:05:07,721 - instagram_scraper.app - WARNING - Failed to get media details for B5aCg3snKdd
2021-04-15 09:05:08,351 - instagram_scraper.app - WARNING - Failed to get media details for B5XudFJHBZz
2021-04-15 09:05:09,137 - instagram_scraper.app - WARNING - Failed to get media details for B5JJ6W8ntaK
2021-04-15 09:05:09,971 - instagram_scraper.app - WARNING - Failed to get media details for B5IArCtnWGL
2021-04-15 09:05:10,757 - instagram_scraper.app - WARNING - Failed to get media details for B5Fj-uLnz0r
2021-04-15 09:05:11,599 - instagram_scraper.app - WARNING - Failed to get media details for B5DW0oIHiSS
2021-04-15 09:05:12,398 - instagram_scraper.app - WARNING - Failed to get media details for B5C8xpHn4Rh
2021-04-15 09:05:12,877 - instagram_scraper.app - WARNING - Failed to get media details for B5A5f2VH2QF
2021-04-15 09:05:13,607 - instagram_scraper.app - WARNING - Failed to get media details for B47iLEEnVHZ
2021-04-15 09:05:14,432 - instagram_scraper.app - WARNING - Failed to get media details for B45yZsjHOMl
2021-04-15 09:05:15,251 - instagram_scraper.app - WARNING - Failed to get media details for B4nkoZdnB6Z
2021-04-15 09:05:16,068 - instagram_scraper.app - WARNING - Failed to get media details for B4m3gtJHsgQ
2021-04-15 09:05:16,714 - instagram_scraper.app - WARNING - Failed to get media details for B4k_h4fHGrP
2021-04-15 09:05:17,504 - instagram_scraper.app - WARNING - Failed to get media details for B4h6HJdnyRy
2021-04-15 09:05:18,127 - instagram_scraper.app - WARNING - Failed to get media details for B4hhCgdnljN
2021-04-15 09:05:18,700 - instagram_scraper.app - WARNING - Failed to get media details for B4eteZtHafb
2021-04-15 09:05:19,573 - instagram_scraper.app - WARNING - Failed to get media details for B4KgfGMnfXo
2021-04-15 09:05:20,591 - instagram_scraper.app - WARNING - Failed to get media details for B4FnLGjHKym
2021-04-15 09:05:21,621 - instagram_scraper.app - WARNING - Failed to get media details for B4C38kjnkwp
2021-04-15 09:05:22,446 - instagram_scraper.app - WARNING - Failed to get media details for B4AoeRuHSxE
2021-04-15 09:05:23,165 - instagram_scraper.app - WARNING - Failed to get media details for B35B6X4HfVX
2021-04-15 09:05:23,848 - instagram_scraper.app - WARNING - Failed to get media details for B328AGvnjL9
2021-04-15 09:05:25,387 - instagram_scraper.app - WARNING - Failed to get media details for B3zrGVXnqEo
2021-04-15 09:05:26,323 - instagram_scraper.app - WARNING - Failed to get media details for B3x9VoinKMd
2021-04-15 09:05:28,440 - instagram_scraper.app - WARNING - Failed to get media details for B3uu5Orn4oA
2021-04-15 09:05:29,071 - instagram_scraper.app - WARNING - Failed to get media details for B3sIcDuH3ep
2021-04-15 09:05:29,825 - instagram_scraper.app - WARNING - Failed to get media details for B3otK6qHZJi
2021-04-15 09:05:30,554 - instagram_scraper.app - WARNING - Failed to get media details for B3ngFhlHWEF
2021-04-15 09:05:31,617 - instagram_scraper.app - WARNING - Failed to get media details for B3kFFhfHk5L
2021-04-15 09:05:32,312 - instagram_scraper.app - WARNING - Failed to get media details for B3hiKvSHH_J
2021-04-15 09:05:32,810 - instagram_scraper.app - WARNING - Failed to get media details for B3hVnRrHafv
2021-04-15 09:05:33,687 - instagram_scraper.app - WARNING - Failed to get media details for B3dJ_QMHXFT
2021-04-15 09:05:34,516 - instagram_scraper.app - WARNING - Failed to get media details for B3dErOLH-MD
2021-04-15 09:05:35,166 - instagram_scraper.app - WARNING - Failed to get media details for B3cuW9qHZ1G
2021-04-15 09:05:35,800 - instagram_scraper.app - WARNING - Failed to get media details for B3ao8tyHh6i
2021-04-15 09:05:36,524 - instagram_scraper.app - WARNING - Failed to get media details for B3SQdwJHG7f
2021-04-15 09:05:37,916 - instagram_scraper.app - WARNING - Failed to get media details for B3PWVsDnPcf
2021-04-15 09:05:38,674 - instagram_scraper.app - WARNING - Failed to get media details for B24RiR_nflf
2021-04-15 09:05:39,502 - instagram_scraper.app - WARNING - Failed to get media details for B2osMcJnMky
2021-04-15 09:05:40,355 - instagram_scraper.app - WARNING - Failed to get media details for B2nCwNWnohI
2021-04-15 09:05:40,983 - instagram_scraper.app - WARNING - Failed to get media details for B1pRWtTnrox
2021-04-15 09:05:43,117 - instagram_scraper.app - WARNING - Failed to get media details for B1g7DEkHCXg
2021-04-15 09:05:43,722 - instagram_scraper.app - WARNING - Failed to get media details for B1fSsW1H70T
2021-04-15 09:05:44,577 - instagram_scraper.app - WARNING - Failed to get media details for B1P2wmLHGpq
2021-04-15 09:05:45,359 - instagram_scraper.app - WARNING - Failed to get media details for B036JB2HAyX
2021-04-15 09:05:46,177 - instagram_scraper.app - WARNING - Failed to get media details for B0ns8-Rn9mE
2021-04-15 09:05:46,984 - instagram_scraper.app - WARNING - Failed to get media details for Bzf077AHFtu
2021-04-15 09:05:47,688 - instagram_scraper.app - WARNING - Failed to get media details for BytwXIMncyv
2021-04-15 09:05:48,221 - instagram_scraper.app - WARNING - Failed to get media details for BysMaKPnYe4
2021-04-15 09:05:50,247 - instagram_scraper.app - WARNING - Failed to get media details for Bx0MqEon_48
2021-04-15 09:05:51,077 - instagram_scraper.app - WARNING - Failed to get media details for BxzuMt0HRZd
2021-04-15 09:05:51,893 - instagram_scraper.app - WARNING - Failed to get media details for BxFM0ncHsrh
2021-04-15 09:05:52,571 - instagram_scraper.app - WARNING - Failed to get media details for Bwdd2PvnZ3c
2021-04-15 09:05:53,143 - instagram_scraper.app - WARNING - Failed to get media details for Bv4FST3noH2
2021-04-15 09:05:54,318 - instagram_scraper.app - WARNING - Failed to get media details for Bv2suPpnJ9t
2021-04-15 09:05:54,972 - instagram_scraper.app - WARNING - Failed to get media details for BvpzPB6nv7g
2021-04-15 09:05:55,798 - instagram_scraper.app - WARNING - Failed to get media details for BugWkJvnQS4
2021-04-15 09:05:56,469 - instagram_scraper.app - WARNING - Failed to get media details for BuUYe7CHh-T
2021-04-15 09:05:57,077 - instagram_scraper.app - WARNING - Failed to get media details for BuPIdIHnn2O
2021-04-15 09:05:57,680 - instagram_scraper.app - WARNING - Failed to get media details for BuGr88mng2Z
2021-04-15 09:05:58,292 - instagram_scraper.app - WARNING - Failed to get media details for BuD-go_HabL
2021-04-15 09:05:58,818 - instagram_scraper.app - WARNING - Failed to get media details for Bt52IUsHz6_
2021-04-15 09:06:00,959 - instagram_scraper.app - WARNING - Failed to get media details for BtjZunIHdA4
2021-04-15 09:06:01,767 - instagram_scraper.app - WARNING - Failed to get media details for BrfX3YvHm5w
2021-04-15 09:06:02,575 - instagram_scraper.app - WARNING - Failed to get media details for Bq9zpBtH5WP
2021-04-15 09:06:03,389 - instagram_scraper.app - WARNING - Failed to get media details for BqpYd-TBTDe
2021-04-15 09:06:04,056 - instagram_scraper.app - WARNING - Failed to get media details for BqmshATBdoL
2021-04-15 09:06:04,830 - instagram_scraper.app - WARNING - Failed to get media details for Bqk2e_dhXt4
2021-04-15 09:06:06,098 - instagram_scraper.app - WARNING - Failed to get media details for BqipSk2n0rC
2021-04-15 09:06:06,673 - instagram_scraper.app - WARNING - Failed to get media details for BqPuLrdHSfA
2021-04-15 09:06:07,478 - instagram_scraper.app - WARNING - Failed to get media details for BqAGrpinpFU
2021-04-15 09:06:08,095 - instagram_scraper.app - WARNING - Failed to get media details for BpxK766niqu
2021-04-15 09:06:08,701 - instagram_scraper.app - WARNING - Failed to get media details for Bpb_VhPlL4T
2021-04-15 09:06:09,566 - instagram_scraper.app - WARNING - Failed to get media details for BpXIdw8lhqZ
2021-04-15 09:06:10,360 - instagram_scraper.app - WARNING - Failed to get media details for BpUVhZUlN1a
2021-04-15 09:06:11,099 - instagram_scraper.app - WARNING - Failed to get media details for BpDouSilgPg
2021-04-15 09:06:13,438 - instagram_scraper.app - WARNING - Failed to get media details for BnMMC65lRpU
2021-04-15 09:06:14,098 - instagram_scraper.app - WARNING - Failed to get media details for Bllc3THgWD7
2021-04-15 09:06:14,632 - instagram_scraper.app - WARNING - Failed to get media details for Bkn6ea8FTCC
2021-04-15 09:06:15,501 - instagram_scraper.app - WARNING - Failed to get media details for BkXUgq3F3Wz
2021-04-15 09:06:17,665 - instagram_scraper.app - WARNING - Failed to get media details for BjPtEc_FJag
2021-04-15 09:06:18,395 - instagram_scraper.app - WARNING - Failed to get media details for BjCrQ5qFoL8
2021-04-15 09:06:19,163 - instagram_scraper.app - WARNING - Failed to get media details for BglVQ_SDO5J
2021-04-15 09:06:19,840 - instagram_scraper.app - WARNING - Failed to get media details for BgMtj6QD4qe
2021-04-15 09:06:20,406 - instagram_scraper.app - WARNING - Failed to get media details for BevBN1FF5iy
2021-04-15 09:06:22,437 - instagram_scraper.app - WARNING - Failed to get media details for BdfbfWcF6td
2021-04-15 09:06:23,268 - instagram_scraper.app - WARNING - Failed to get media details for BcaCLRvl-Dg
2021-04-15 09:06:24,095 - instagram_scraper.app - WARNING - Failed to get media details for Bb-jIsUFxN7
2021-04-15 09:06:25,170 - instagram_scraper.app - WARNING - Failed to get media details for BbdDGCZF-Uc
2021-04-15 09:06:25,942 - instagram_scraper.app - WARNING - Failed to get media details for BbPkqi8FbuK
2021-04-15 09:06:27,614 - instagram_scraper.app - WARNING - Failed to get media details for BZB5bn0Fh1f
